<?xml version="1.0" encoding="UTF-8"?>
<!-- Generated by org.testng.reporters.JUnitReportReporter -->
<testsuite skipped="0" hostname="BGL-BOJAN-MILOV" name="test.test.java.NewTest" tests="1" failures="0" timestamp="19 Apr 2018 08:12:37 GMT" time="0.001" errors="0">
  <testcase name="f" time="0.001" classname="test.test.java.NewTest"/>
</testsuite> <!-- test.test.java.NewTest -->
